2023/08/22 18:45:33 [emerg] 1#1: host not found in upstream "php" in /etc/nginx/conf.d/default.conf:15
2023/08/22 18:46:29 [emerg] 1#1: host not found in upstream "php" in /etc/nginx/conf.d/default.conf:15
2023/08/22 18:47:39 [notice] 1#1: using the "epoll" event method
2023/08/22 18:47:39 [notice] 1#1: nginx/1.25.2
2023/08/22 18:47:39 [notice] 1#1: built by gcc 12.2.1 20220924 (Alpine 12.2.1_git20220924-r10) 
2023/08/22 18:47:39 [notice] 1#1: OS: Linux 5.15.90.1-microsoft-standard-WSL2
2023/08/22 18:47:39 [notice] 1#1: getrlimit(RLIMIT_NOFILE): 1048576:1048576
2023/08/22 18:47:39 [notice] 1#1: start worker processes
2023/08/22 18:47:39 [notice] 1#1: start worker process 29
2023/08/22 18:47:39 [notice] 1#1: start worker process 30
2023/08/22 18:47:39 [notice] 1#1: start worker process 31
2023/08/22 18:47:39 [notice] 1#1: start worker process 32
2023/08/22 18:47:39 [notice] 1#1: start worker process 33
2023/08/22 18:47:39 [notice] 1#1: start worker process 34
2023/08/22 18:47:39 [notice] 1#1: start worker process 35
2023/08/22 18:47:39 [notice] 1#1: start worker process 36
2023/08/22 18:47:39 [notice] 1#1: start worker process 37
2023/08/22 18:47:39 [notice] 1#1: start worker process 38
2023/08/22 18:47:39 [notice] 1#1: start worker process 39
2023/08/22 18:47:39 [notice] 1#1: start worker process 40
2023/08/22 18:47:39 [notice] 1#1: start worker process 41
2023/08/22 18:47:39 [notice] 1#1: start worker process 42
2023/08/22 18:47:39 [notice] 1#1: start worker process 43
2023/08/22 18:47:39 [notice] 1#1: start worker process 44
2023/08/22 18:47:45 [error] 29#29: *1 FastCGI sent in stderr: "PHP message: Xdebug: [Step Debug] Time-out connecting to debugging client, waited: 200 ms. Tried: host.docker.internal:9003 (through xdebug.client_host/xdebug.client_port)" while reading response header from upstream, client: 172.25.0.1, server: ddma.coursework, request: "GET / HTTP/1.1", upstream: "fastcgi://172.25.0.2:9000", host: "127.0.0.1:83"
2023/08/22 18:50:17 [notice] 1#1: signal 3 (SIGQUIT) received, shutting down
2023/08/22 18:50:17 [notice] 29#29: gracefully shutting down
2023/08/22 18:50:17 [notice] 30#30: gracefully shutting down
2023/08/22 18:50:17 [notice] 31#31: gracefully shutting down
2023/08/22 18:50:17 [notice] 33#33: gracefully shutting down
2023/08/22 18:50:17 [notice] 34#34: gracefully shutting down
2023/08/22 18:50:17 [notice] 32#32: gracefully shutting down
2023/08/22 18:50:17 [notice] 35#35: gracefully shutting down
2023/08/22 18:50:17 [notice] 29#29: exiting
2023/08/22 18:50:17 [notice] 33#33: exiting
2023/08/22 18:50:17 [notice] 32#32: exiting
2023/08/22 18:50:17 [notice] 31#31: exiting
2023/08/22 18:50:17 [notice] 35#35: exiting
2023/08/22 18:50:17 [notice] 37#37: gracefully shutting down
2023/08/22 18:50:17 [notice] 36#36: gracefully shutting down
2023/08/22 18:50:17 [notice] 30#30: exiting
2023/08/22 18:50:17 [notice] 40#40: gracefully shutting down
2023/08/22 18:50:17 [notice] 38#38: gracefully shutting down
2023/08/22 18:50:17 [notice] 37#37: exiting
2023/08/22 18:50:17 [notice] 39#39: gracefully shutting down
2023/08/22 18:50:17 [notice] 40#40: exiting
2023/08/22 18:50:17 [notice] 34#34: exiting
2023/08/22 18:50:17 [notice] 32#32: exit
2023/08/22 18:50:17 [notice] 35#35: exit
2023/08/22 18:50:17 [notice] 31#31: exit
2023/08/22 18:50:17 [notice] 33#33: exit
2023/08/22 18:50:17 [notice] 36#36: exiting
2023/08/22 18:50:17 [notice] 39#39: exiting
2023/08/22 18:50:17 [notice] 38#38: exiting
2023/08/22 18:50:17 [notice] 37#37: exit
2023/08/22 18:50:17 [notice] 30#30: exit
2023/08/22 18:50:17 [notice] 29#29: exit
2023/08/22 18:50:17 [notice] 34#34: exit
2023/08/22 18:50:17 [notice] 40#40: exit
2023/08/22 18:50:17 [notice] 36#36: exit
2023/08/22 18:50:17 [notice] 38#38: exit
2023/08/22 18:50:17 [notice] 39#39: exit
2023/08/22 18:50:17 [notice] 43#43: gracefully shutting down
2023/08/22 18:50:17 [notice] 42#42: gracefully shutting down
2023/08/22 18:50:17 [notice] 44#44: gracefully shutting down
2023/08/22 18:50:17 [notice] 43#43: exiting
2023/08/22 18:50:17 [notice] 44#44: exiting
2023/08/22 18:50:17 [notice] 42#42: exiting
2023/08/22 18:50:17 [notice] 43#43: exit
2023/08/22 18:50:17 [notice] 44#44: exit
2023/08/22 18:50:17 [notice] 42#42: exit
2023/08/22 18:50:17 [notice] 41#41: gracefully shutting down
2023/08/22 18:50:17 [notice] 41#41: exiting
2023/08/22 18:50:17 [notice] 41#41: exit
2023/08/22 18:50:17 [notice] 1#1: signal 17 (SIGCHLD) received from 34
2023/08/22 18:50:17 [notice] 1#1: worker process 34 exited with code 0
2023/08/22 18:50:17 [notice] 1#1: signal 29 (SIGIO) received
2023/08/22 18:50:17 [notice] 1#1: signal 17 (SIGCHLD) received from 29
2023/08/22 18:50:17 [notice] 1#1: worker process 29 exited with code 0
2023/08/22 18:50:17 [notice] 1#1: worker process 32 exited with code 0
2023/08/22 18:50:17 [notice] 1#1: worker process 35 exited with code 0
2023/08/22 18:50:17 [notice] 1#1: signal 29 (SIGIO) received
2023/08/22 18:50:17 [notice] 1#1: signal 17 (SIGCHLD) received from 40
2023/08/22 18:50:17 [notice] 1#1: worker process 30 exited with code 0
2023/08/22 18:50:17 [notice] 1#1: worker process 31 exited with code 0
2023/08/22 18:50:17 [notice] 1#1: worker process 36 exited with code 0
2023/08/22 18:50:17 [notice] 1#1: worker process 37 exited with code 0
2023/08/22 18:50:17 [notice] 1#1: worker process 38 exited with code 0
2023/08/22 18:50:17 [notice] 1#1: worker process 39 exited with code 0
2023/08/22 18:50:17 [notice] 1#1: worker process 40 exited with code 0
2023/08/22 18:50:17 [notice] 1#1: worker process 43 exited with code 0
2023/08/22 18:50:17 [notice] 1#1: worker process 44 exited with code 0
2023/08/22 18:50:17 [notice] 1#1: signal 29 (SIGIO) received
2023/08/22 18:50:17 [notice] 1#1: signal 17 (SIGCHLD) received from 41
2023/08/22 18:50:17 [notice] 1#1: worker process 41 exited with code 0
2023/08/22 18:50:17 [notice] 1#1: signal 29 (SIGIO) received
2023/08/22 18:50:17 [notice] 1#1: signal 17 (SIGCHLD) received from 33
2023/08/22 18:50:17 [notice] 1#1: worker process 33 exited with code 0
2023/08/22 18:50:17 [notice] 1#1: worker process 42 exited with code 0
2023/08/22 18:50:17 [notice] 1#1: exit
2023/08/22 18:51:02 [notice] 1#1: using the "epoll" event method
2023/08/22 18:51:02 [notice] 1#1: nginx/1.25.2
2023/08/22 18:51:02 [notice] 1#1: built by gcc 12.2.1 20220924 (Alpine 12.2.1_git20220924-r10) 
2023/08/22 18:51:02 [notice] 1#1: OS: Linux 5.15.90.1-microsoft-standard-WSL2
2023/08/22 18:51:02 [notice] 1#1: getrlimit(RLIMIT_NOFILE): 1048576:1048576
2023/08/22 18:51:02 [notice] 1#1: start worker processes
2023/08/22 18:51:02 [notice] 1#1: start worker process 29
2023/08/22 18:51:02 [notice] 1#1: start worker process 30
2023/08/22 18:51:02 [notice] 1#1: start worker process 31
2023/08/22 18:51:02 [notice] 1#1: start worker process 32
2023/08/22 18:51:02 [notice] 1#1: start worker process 33
2023/08/22 18:51:02 [notice] 1#1: start worker process 34
2023/08/22 18:51:02 [notice] 1#1: start worker process 35
2023/08/22 18:51:02 [notice] 1#1: start worker process 36
2023/08/22 18:51:02 [notice] 1#1: start worker process 37
2023/08/22 18:51:02 [notice] 1#1: start worker process 38
2023/08/22 18:51:02 [notice] 1#1: start worker process 39
2023/08/22 18:51:02 [notice] 1#1: start worker process 40
2023/08/22 18:51:02 [notice] 1#1: start worker process 41
2023/08/22 18:51:02 [notice] 1#1: start worker process 42
2023/08/22 18:51:02 [notice] 1#1: start worker process 43
2023/08/22 18:51:02 [notice] 1#1: start worker process 44
2023/08/22 18:51:18 [error] 29#29: *1 FastCGI sent in stderr: "PHP message: Xdebug: [Step Debug] Time-out connecting to debugging client, waited: 200 ms. Tried: host.docker.internal:9003 (through xdebug.client_host/xdebug.client_port)" while reading response header from upstream, client: 172.26.0.1, server: ddma.coursework, request: "GET / HTTP/1.1", upstream: "fastcgi://172.26.0.2:9000", host: "127.0.0.1:83"
2023/08/22 18:51:20 [error] 29#29: *1 FastCGI sent in stderr: "PHP message: Xdebug: [Step Debug] Time-out connecting to debugging client, waited: 200 ms. Tried: host.docker.internal:9003 (through xdebug.client_host/xdebug.client_port)" while reading response header from upstream, client: 172.26.0.1, server: ddma.coursework, request: "GET / HTTP/1.1", upstream: "fastcgi://172.26.0.2:9000", host: "127.0.0.1:83"
2023/08/22 18:53:14 [notice] 1#1: signal 3 (SIGQUIT) received, shutting down
2023/08/22 18:53:14 [notice] 29#29: gracefully shutting down
2023/08/22 18:53:14 [notice] 32#32: gracefully shutting down
2023/08/22 18:53:14 [notice] 35#35: gracefully shutting down
2023/08/22 18:53:14 [notice] 42#42: gracefully shutting down
2023/08/22 18:53:14 [notice] 39#39: gracefully shutting down
2023/08/22 18:53:14 [notice] 29#29: exiting
2023/08/22 18:53:14 [notice] 36#36: gracefully shutting down
2023/08/22 18:53:14 [notice] 42#42: exiting
2023/08/22 18:53:14 [notice] 35#35: exiting
2023/08/22 18:53:14 [notice] 32#32: exiting
2023/08/22 18:53:14 [notice] 39#39: exiting
2023/08/22 18:53:14 [notice] 34#34: gracefully shutting down
2023/08/22 18:53:14 [notice] 36#36: exiting
2023/08/22 18:53:14 [notice] 44#44: gracefully shutting down
2023/08/22 18:53:14 [notice] 29#29: exit
2023/08/22 18:53:14 [notice] 35#35: exit
2023/08/22 18:53:14 [notice] 42#42: exit
2023/08/22 18:53:14 [notice] 39#39: exit
2023/08/22 18:53:14 [notice] 36#36: exit
2023/08/22 18:53:14 [notice] 32#32: exit
2023/08/22 18:53:14 [notice] 44#44: exiting
2023/08/22 18:53:14 [notice] 34#34: exiting
2023/08/22 18:53:14 [notice] 34#34: exit
2023/08/22 18:53:14 [notice] 33#33: gracefully shutting down
2023/08/22 18:53:14 [notice] 33#33: exiting
2023/08/22 18:53:14 [notice] 44#44: exit
2023/08/22 18:53:14 [notice] 43#43: gracefully shutting down
2023/08/22 18:53:14 [notice] 30#30: gracefully shutting down
2023/08/22 18:53:14 [notice] 40#40: gracefully shutting down
2023/08/22 18:53:14 [notice] 43#43: exiting
2023/08/22 18:53:14 [notice] 31#31: gracefully shutting down
2023/08/22 18:53:14 [notice] 30#30: exiting
2023/08/22 18:53:14 [notice] 33#33: exit
2023/08/22 18:53:14 [notice] 40#40: exiting
2023/08/22 18:53:14 [notice] 30#30: exit
2023/08/22 18:53:14 [notice] 43#43: exit
2023/08/22 18:53:14 [notice] 40#40: exit
2023/08/22 18:53:14 [notice] 41#41: gracefully shutting down
2023/08/22 18:53:14 [notice] 38#38: gracefully shutting down
2023/08/22 18:53:14 [notice] 41#41: exiting
2023/08/22 18:53:14 [notice] 38#38: exiting
2023/08/22 18:53:14 [notice] 41#41: exit
2023/08/22 18:53:14 [notice] 38#38: exit
2023/08/22 18:53:14 [notice] 37#37: gracefully shutting down
2023/08/22 18:53:14 [notice] 37#37: exiting
2023/08/22 18:53:14 [notice] 37#37: exit
2023/08/22 18:53:14 [notice] 1#1: signal 17 (SIGCHLD) received from 30
2023/08/22 18:53:14 [notice] 1#1: worker process 29 exited with code 0
2023/08/22 18:53:14 [notice] 1#1: worker process 30 exited with code 0
2023/08/22 18:53:14 [notice] 1#1: worker process 32 exited with code 0
2023/08/22 18:53:14 [notice] 1#1: worker process 34 exited with code 0
2023/08/22 18:53:14 [notice] 1#1: worker process 35 exited with code 0
2023/08/22 18:53:14 [notice] 1#1: worker process 36 exited with code 0
2023/08/22 18:53:14 [notice] 1#1: worker process 37 exited with code 0
2023/08/22 18:53:14 [notice] 1#1: worker process 39 exited with code 0
2023/08/22 18:53:14 [notice] 1#1: worker process 41 exited with code 0
2023/08/22 18:53:14 [notice] 1#1: worker process 43 exited with code 0
2023/08/22 18:53:14 [notice] 1#1: worker process 44 exited with code 0
2023/08/22 18:53:14 [notice] 1#1: worker process 38 exited with code 0
2023/08/22 18:53:14 [notice] 1#1: signal 29 (SIGIO) received
2023/08/22 18:53:14 [notice] 1#1: signal 17 (SIGCHLD) received from 36
2023/08/22 18:53:14 [notice] 1#1: signal 17 (SIGCHLD) received from 40
2023/08/22 18:53:14 [notice] 1#1: worker process 40 exited with code 0
2023/08/22 18:53:14 [notice] 1#1: worker process 42 exited with code 0
2023/08/22 18:53:14 [notice] 1#1: signal 29 (SIGIO) received
2023/08/22 18:53:14 [notice] 1#1: signal 17 (SIGCHLD) received from 33
2023/08/22 18:53:14 [notice] 1#1: worker process 33 exited with code 0
2023/08/22 18:53:14 [notice] 1#1: signal 29 (SIGIO) received
2023/08/22 18:53:19 [notice] 31#31: exiting
2023/08/22 18:53:19 [notice] 31#31: exit
2023/08/22 18:53:20 [notice] 1#1: signal 17 (SIGCHLD) received from 31
2023/08/22 18:53:20 [notice] 1#1: worker process 31 exited with code 0
2023/08/22 18:53:20 [notice] 1#1: exit
2023/08/23 16:30:57 [notice] 1#1: using the "epoll" event method
2023/08/23 16:30:57 [notice] 1#1: nginx/1.25.2
2023/08/23 16:30:57 [notice] 1#1: built by gcc 12.2.1 20220924 (Alpine 12.2.1_git20220924-r10) 
2023/08/23 16:30:57 [notice] 1#1: OS: Linux 5.15.90.1-microsoft-standard-WSL2
2023/08/23 16:30:57 [notice] 1#1: getrlimit(RLIMIT_NOFILE): 1048576:1048576
2023/08/23 16:30:57 [notice] 1#1: start worker processes
2023/08/23 16:30:57 [notice] 1#1: start worker process 30
2023/08/23 16:30:57 [notice] 1#1: start worker process 31
2023/08/23 16:30:57 [notice] 1#1: start worker process 32
2023/08/23 16:30:57 [notice] 1#1: start worker process 33
2023/08/23 16:30:57 [notice] 1#1: start worker process 34
2023/08/23 16:30:57 [notice] 1#1: start worker process 35
2023/08/23 16:30:57 [notice] 1#1: start worker process 36
2023/08/23 16:30:57 [notice] 1#1: start worker process 37
2023/08/23 16:30:57 [notice] 1#1: start worker process 38
2023/08/23 16:30:57 [notice] 1#1: start worker process 39
2023/08/23 16:30:57 [notice] 1#1: start worker process 40
2023/08/23 16:30:57 [notice] 1#1: start worker process 41
2023/08/23 16:30:57 [notice] 1#1: start worker process 42
2023/08/23 16:30:57 [notice] 1#1: start worker process 43
2023/08/23 16:30:57 [notice] 1#1: start worker process 44
2023/08/23 16:30:57 [notice] 1#1: start worker process 45
